2025-03-31 23:42:50,526 - movie_controller - WARNING - Película con id 4 no encontrada
2025-03-31 23:42:50,645 - user_controller - WARNING - Usuario con id 4 no encontrado
2025-03-31 21:45:52,234 - db - INFO - Logger 'db' configurado - Perfil: dev
2025-03-31 21:45:52,295 - jwt_auth - INFO - Logger 'jwt_auth' configurado - Perfil: dev
2025-03-31 21:45:52,299 - user_controller - INFO - Logger 'user_controller' configurado - Perfil: dev
2025-03-31 21:45:52,315 - movie_controller - INFO - Logger 'movie_controller' configurado - Perfil: dev
2025-03-31 21:45:52,471 - sentiment_analysis - INFO - Logger 'sentiment_analysis' configurado - Perfil: dev
2025-03-31 21:45:52,472 - comment_controller - INFO - Logger 'comment_controller' configurado - Perfil: dev
2025-03-31 21:45:52,479 - auth_controller - INFO - Logger 'auth_controller' configurado - Perfil: dev
2025-03-31 21:45:52,485 - movies_app - INFO - Logger 'movies_app' configurado - Perfil: dev
2025-03-31 21:45:53,852 - db - INFO - Logger 'db' configurado - Perfil: dev
2025-03-31 21:45:53,897 - jwt_auth - INFO - Logger 'jwt_auth' configurado - Perfil: dev
2025-03-31 21:45:53,900 - user_controller - INFO - Logger 'user_controller' configurado - Perfil: dev
2025-03-31 21:45:53,913 - movie_controller - INFO - Logger 'movie_controller' configurado - Perfil: dev
2025-03-31 21:45:54,087 - sentiment_analysis - INFO - Logger 'sentiment_analysis' configurado - Perfil: dev
2025-03-31 21:45:54,088 - comment_controller - INFO - Logger 'comment_controller' configurado - Perfil: dev
2025-03-31 21:45:54,095 - auth_controller - INFO - Logger 'auth_controller' configurado - Perfil: dev
2025-03-31 21:45:54,099 - movies_app - INFO - Logger 'movies_app' configurado - Perfil: dev
2025-03-31 21:45:54,124 - movies_app - INFO - Inicializando la base de datos...
2025-03-31 21:45:54,124 - movies_app - WARNING - Perfil de desarrollo detectado: recreando tablas y datos
2025-03-31 21:45:54,125 - db - DEBUG - Creando tablas en la base de datos...
2025-03-31 21:45:54,139 - db - INFO - Tablas creadas exitosamente
2025-03-31 21:45:54,147 - db - INFO - Base de datos ya inicializada: 15 usuarios, 25 películas
2025-03-31 21:45:54,148 - movies_app - INFO - Base de datos reinicializada correctamente para desarrollo
2025-04-01 07:53:53,039 - movies_app - INFO - Aplicación terminando...
2025-04-01 07:59:35,193 - db - INFO - Logger 'db' configurado - Perfil: dev
2025-04-01 07:59:35,297 - jwt_auth - INFO - Logger 'jwt_auth' configurado - Perfil: dev
2025-04-01 07:59:35,306 - user_controller - INFO - Logger 'user_controller' configurado - Perfil: dev
2025-04-01 07:59:35,320 - movie_controller - INFO - Logger 'movie_controller' configurado - Perfil: dev
2025-04-01 07:59:35,485 - sentiment_analysis - INFO - Logger 'sentiment_analysis' configurado - Perfil: dev
2025-04-01 07:59:35,487 - comment_controller - INFO - Logger 'comment_controller' configurado - Perfil: dev
2025-04-01 07:59:35,498 - auth_controller - INFO - Logger 'auth_controller' configurado - Perfil: dev
2025-04-01 07:59:35,502 - movies_app - INFO - Logger 'movies_app' configurado - Perfil: dev
2025-04-01 07:59:37,319 - db - INFO - Logger 'db' configurado - Perfil: dev
2025-04-01 07:59:37,408 - jwt_auth - INFO - Logger 'jwt_auth' configurado - Perfil: dev
2025-04-01 07:59:37,412 - user_controller - INFO - Logger 'user_controller' configurado - Perfil: dev
2025-04-01 07:59:37,427 - movie_controller - INFO - Logger 'movie_controller' configurado - Perfil: dev
2025-04-01 07:59:37,651 - sentiment_analysis - INFO - Logger 'sentiment_analysis' configurado - Perfil: dev
2025-04-01 07:59:37,653 - comment_controller - INFO - Logger 'comment_controller' configurado - Perfil: dev
2025-04-01 07:59:37,664 - auth_controller - INFO - Logger 'auth_controller' configurado - Perfil: dev
2025-04-01 07:59:37,669 - movies_app - INFO - Logger 'movies_app' configurado - Perfil: dev
2025-04-01 07:59:37,703 - movies_app - INFO - Inicializando la base de datos...
2025-04-01 07:59:37,704 - movies_app - WARNING - Perfil de desarrollo detectado: recreando tablas y datos
2025-04-01 07:59:37,705 - db - DEBUG - Creando tablas en la base de datos...
2025-04-01 07:59:37,743 - db - INFO - Tablas creadas exitosamente
2025-04-01 07:59:37,760 - db - INFO - Base de datos ya inicializada: 15 usuarios, 25 películas
2025-04-01 07:59:37,764 - movies_app - INFO - Base de datos reinicializada correctamente para desarrollo
2025-04-01 08:21:35,770 - movies_app - INFO - Aplicación terminando...
2025-04-01 08:21:50,791 - db - INFO - Logger 'db' configurado - Perfil: dev
2025-04-01 08:21:50,853 - jwt_auth - INFO - Logger 'jwt_auth' configurado - Perfil: dev
2025-04-01 08:21:50,859 - user_controller - INFO - Logger 'user_controller' configurado - Perfil: dev
2025-04-01 08:21:50,869 - movie_controller - INFO - Logger 'movie_controller' configurado - Perfil: dev
2025-04-01 08:21:51,009 - sentiment_analysis - INFO - Logger 'sentiment_analysis' configurado - Perfil: dev
2025-04-01 08:21:51,011 - comment_controller - INFO - Logger 'comment_controller' configurado - Perfil: dev
2025-04-01 08:21:51,019 - auth_controller - INFO - Logger 'auth_controller' configurado - Perfil: dev
2025-04-01 08:21:51,026 - movies_app - INFO - Logger 'movies_app' configurado - Perfil: dev
2025-04-01 08:21:52,298 - db - INFO - Logger 'db' configurado - Perfil: dev
2025-04-01 08:21:52,371 - jwt_auth - INFO - Logger 'jwt_auth' configurado - Perfil: dev
2025-04-01 08:21:52,374 - user_controller - INFO - Logger 'user_controller' configurado - Perfil: dev
2025-04-01 08:21:52,387 - movie_controller - INFO - Logger 'movie_controller' configurado - Perfil: dev
2025-04-01 08:21:52,552 - sentiment_analysis - INFO - Logger 'sentiment_analysis' configurado - Perfil: dev
2025-04-01 08:21:52,553 - comment_controller - INFO - Logger 'comment_controller' configurado - Perfil: dev
2025-04-01 08:21:52,559 - auth_controller - INFO - Logger 'auth_controller' configurado - Perfil: dev
2025-04-01 08:21:52,564 - movies_app - INFO - Logger 'movies_app' configurado - Perfil: dev
2025-04-01 08:21:52,586 - movies_app - INFO - Inicializando la base de datos...
2025-04-01 08:21:52,587 - movies_app - WARNING - Perfil de desarrollo detectado: recreando tablas y datos
2025-04-01 08:21:52,588 - db - DEBUG - Creando tablas en la base de datos...
2025-04-01 08:21:52,610 - db - INFO - Tablas creadas exitosamente
2025-04-01 08:21:52,618 - db - INFO - Base de datos ya inicializada: 15 usuarios, 25 películas
2025-04-01 08:21:52,619 - movies_app - INFO - Base de datos reinicializada correctamente para desarrollo
2025-04-01 08:25:33,451 - movies_app - INFO - Aplicación terminando...
2025-04-01 08:25:34,738 - db - INFO - Logger 'db' configurado - Perfil: dev
2025-04-01 08:25:34,788 - jwt_auth - INFO - Logger 'jwt_auth' configurado - Perfil: dev
2025-04-01 08:25:34,792 - user_controller - INFO - Logger 'user_controller' configurado - Perfil: dev
2025-04-01 08:25:34,803 - movie_controller - INFO - Logger 'movie_controller' configurado - Perfil: dev
2025-04-01 08:25:36,870 - db - INFO - Logger 'db' configurado - Perfil: dev
2025-04-01 08:25:36,917 - jwt_auth - INFO - Logger 'jwt_auth' configurado - Perfil: dev
2025-04-01 08:25:36,921 - user_controller - INFO - Logger 'user_controller' configurado - Perfil: dev
2025-04-01 08:25:36,931 - movie_controller - INFO - Logger 'movie_controller' configurado - Perfil: dev
2025-04-01 08:25:37,058 - sentiment_analysis - INFO - Logger 'sentiment_analysis' configurado - Perfil: dev
2025-04-01 08:25:37,060 - comment_controller - INFO - Logger 'comment_controller' configurado - Perfil: dev
2025-04-01 08:25:37,069 - auth_controller - INFO - Logger 'auth_controller' configurado - Perfil: dev
2025-04-01 08:25:37,073 - movies_app - INFO - Logger 'movies_app' configurado - Perfil: dev
2025-04-01 08:25:37,092 - movies_app - INFO - Inicializando la base de datos...
2025-04-01 08:25:37,093 - movies_app - WARNING - Perfil de desarrollo detectado: recreando tablas y datos
2025-04-01 08:25:37,094 - db - DEBUG - Creando tablas en la base de datos...
2025-04-01 08:25:37,111 - db - INFO - Tablas creadas exitosamente
2025-04-01 08:25:37,120 - db - INFO - Base de datos ya inicializada: 15 usuarios, 25 películas
2025-04-01 08:25:37,121 - movies_app - INFO - Base de datos reinicializada correctamente para desarrollo
2025-04-01 08:25:40,664 - movies_app - INFO - Aplicación terminando...
2025-04-01 08:25:41,806 - db - INFO - Logger 'db' configurado - Perfil: dev
2025-04-01 08:25:41,851 - jwt_auth - INFO - Logger 'jwt_auth' configurado - Perfil: dev
2025-04-01 08:25:41,855 - user_controller - INFO - Logger 'user_controller' configurado - Perfil: dev
2025-04-01 08:25:41,865 - movie_controller - INFO - Logger 'movie_controller' configurado - Perfil: dev
2025-04-01 08:25:41,989 - sentiment_analysis - INFO - Logger 'sentiment_analysis' configurado - Perfil: dev
2025-04-01 08:25:41,991 - comment_controller - INFO - Logger 'comment_controller' configurado - Perfil: dev
2025-04-01 08:25:41,997 - auth_controller - INFO - Logger 'auth_controller' configurado - Perfil: dev
2025-04-01 08:25:42,001 - movies_app - INFO - Logger 'movies_app' configurado - Perfil: dev
2025-04-01 08:25:42,019 - movies_app - INFO - Inicializando la base de datos...
2025-04-01 08:25:42,020 - movies_app - WARNING - Perfil de desarrollo detectado: recreando tablas y datos
2025-04-01 08:25:42,021 - db - DEBUG - Creando tablas en la base de datos...
2025-04-01 08:25:42,036 - db - INFO - Tablas creadas exitosamente
2025-04-01 08:25:42,044 - db - INFO - Base de datos ya inicializada: 15 usuarios, 25 películas
2025-04-01 08:25:42,045 - movies_app - INFO - Base de datos reinicializada correctamente para desarrollo
2025-04-01 08:25:59,834 - movies_app - INFO - Aplicación terminando...
2025-04-01 08:26:01,100 - db - INFO - Logger 'db' configurado - Perfil: dev
2025-04-01 08:26:01,146 - jwt_auth - INFO - Logger 'jwt_auth' configurado - Perfil: dev
2025-04-01 08:26:01,150 - user_controller - INFO - Logger 'user_controller' configurado - Perfil: dev
2025-04-01 08:26:01,159 - movie_controller - INFO - Logger 'movie_controller' configurado - Perfil: dev
2025-04-01 08:26:01,283 - sentiment_analysis - INFO - Logger 'sentiment_analysis' configurado - Perfil: dev
2025-04-01 08:26:01,300 - comment_controller - INFO - Logger 'comment_controller' configurado - Perfil: dev
2025-04-01 08:26:01,306 - auth_controller - INFO - Logger 'auth_controller' configurado - Perfil: dev
2025-04-01 08:26:01,310 - movies_app - INFO - Logger 'movies_app' configurado - Perfil: dev
2025-04-01 08:26:01,329 - movies_app - INFO - Inicializando la base de datos...
2025-04-01 08:26:01,330 - movies_app - WARNING - Perfil de desarrollo detectado: recreando tablas y datos
2025-04-01 08:26:01,331 - db - DEBUG - Creando tablas en la base de datos...
2025-04-01 08:26:01,343 - db - INFO - Tablas creadas exitosamente
2025-04-01 08:26:01,350 - db - INFO - Base de datos ya inicializada: 15 usuarios, 25 películas
2025-04-01 08:26:01,352 - movies_app - INFO - Base de datos reinicializada correctamente para desarrollo
2025-04-01 08:26:14,444 - auth_controller - DEBUG - Token data: {'sub': '2', 'username': 'Alice'}
2025-04-01 08:26:14,445 - jwt_auth - DEBUG - Token data creado por el usuario: Alice
2025-04-01 08:26:14,445 - auth_controller - DEBUG - Usuario 2 autenticado correctamente
2025-04-01 08:26:14,448 - movies_app - INFO - Petición POST /login - Status: 200 - Tiempo: 0.364337s
2025-04-01 08:26:19,833 - user_controller - DEBUG - listando todos los usuarios
2025-04-01 08:26:19,839 - movies_app - INFO - Petición GET /users - Status: 200 - Tiempo: 0.006933s
2025-04-01 08:26:23,715 - comment_controller - DEBUG - Usuario Bob añadiendo comentario a película The Matrix
2025-04-01 08:26:23,716 - sentiment_analysis - DEBUG - Texto que se mandara al modelo: 'Mi opinión sobre esta película: Estuvo genial la peli'
2025-04-01 08:26:23,716 - sentiment_analysis - DEBUG - Sending request to: http://host.docker.internal:8001/predict
2025-04-01 08:26:24,034 - movies_app - INFO - Petición POST /movies/2/comments - Status: 201 - Tiempo: 0.328551s
2025-04-01 08:27:38,412 - movies_app - INFO - Aplicación terminando...
2025-04-01 08:27:39,566 - db - INFO - Logger 'db' configurado - Perfil: dev
2025-04-01 08:27:39,616 - jwt_auth - INFO - Logger 'jwt_auth' configurado - Perfil: dev
2025-04-01 08:27:39,620 - user_controller - INFO - Logger 'user_controller' configurado - Perfil: dev
2025-04-01 08:27:39,633 - movie_controller - INFO - Logger 'movie_controller' configurado - Perfil: dev
2025-04-01 08:27:39,755 - sentiment_analysis - INFO - Logger 'sentiment_analysis' configurado - Perfil: dev
2025-04-01 08:27:39,756 - comment_controller - INFO - Logger 'comment_controller' configurado - Perfil: dev
2025-04-01 08:27:39,763 - auth_controller - INFO - Logger 'auth_controller' configurado - Perfil: dev
2025-04-01 08:27:39,767 - movies_app - INFO - Logger 'movies_app' configurado - Perfil: dev
2025-04-01 08:27:39,786 - movies_app - INFO - Inicializando la base de datos...
2025-04-01 08:27:39,787 - movies_app - WARNING - Perfil de desarrollo detectado: recreando tablas y datos
2025-04-01 08:27:39,788 - db - DEBUG - Creando tablas en la base de datos...
2025-04-01 08:27:39,802 - db - INFO - Tablas creadas exitosamente
2025-04-01 08:27:39,810 - db - INFO - Base de datos ya inicializada: 15 usuarios, 25 películas
2025-04-01 08:27:39,811 - movies_app - INFO - Base de datos reinicializada correctamente para desarrollo
2025-04-01 08:28:14,570 - comment_controller - DEBUG - Usuario Bob añadiendo comentario a película The Matrix
2025-04-01 08:28:14,571 - sentiment_analysis - DEBUG - Se manda al modelo: 'Mi opinión sobre esta película: Estuvo genial la peli'
2025-04-01 08:28:14,572 - sentiment_analysis - DEBUG - Sending request to: http://host.docker.internal:8001/predict
2025-04-01 08:28:14,784 - movies_app - INFO - Petición POST /movies/2/comments - Status: 201 - Tiempo: 0.236914s
2025-04-01 08:28:53,626 - movies_app - INFO - Aplicación terminando...
2025-04-01 10:29:05,217 - movie_controller - WARNING - Película con id 4 no encontrada
2025-04-01 10:29:05,340 - user_controller - WARNING - Usuario con id 4 no encontrado
2025-04-01 15:50:34,384 - db - INFO - Logger 'db' configurado - Perfil: dev
2025-04-01 15:50:34,445 - jwt_auth - INFO - Logger 'jwt_auth' configurado - Perfil: dev
2025-04-01 15:50:34,451 - user_controller - INFO - Logger 'user_controller' configurado - Perfil: dev
2025-04-01 15:50:34,465 - movie_controller - INFO - Logger 'movie_controller' configurado - Perfil: dev
2025-04-01 15:50:34,586 - sentiment_analysis - INFO - Logger 'sentiment_analysis' configurado - Perfil: dev
2025-04-01 15:50:34,587 - comment_controller - INFO - Logger 'comment_controller' configurado - Perfil: dev
2025-04-01 15:50:34,593 - auth_controller - INFO - Logger 'auth_controller' configurado - Perfil: dev
2025-04-01 15:50:34,597 - movies_app - INFO - Logger 'movies_app' configurado - Perfil: dev
2025-04-01 15:50:35,546 - db - INFO - Logger 'db' configurado - Perfil: dev
2025-04-01 15:50:35,584 - jwt_auth - INFO - Logger 'jwt_auth' configurado - Perfil: dev
2025-04-01 15:50:35,587 - user_controller - INFO - Logger 'user_controller' configurado - Perfil: dev
2025-04-01 15:50:35,595 - movie_controller - INFO - Logger 'movie_controller' configurado - Perfil: dev
2025-04-01 15:50:35,690 - sentiment_analysis - INFO - Logger 'sentiment_analysis' configurado - Perfil: dev
2025-04-01 15:50:35,691 - comment_controller - INFO - Logger 'comment_controller' configurado - Perfil: dev
2025-04-01 15:50:35,697 - auth_controller - INFO - Logger 'auth_controller' configurado - Perfil: dev
2025-04-01 15:50:35,700 - movies_app - INFO - Logger 'movies_app' configurado - Perfil: dev
2025-04-01 15:50:35,719 - movies_app - INFO - Inicializando la base de datos...
2025-04-01 15:50:35,720 - movies_app - WARNING - Perfil de desarrollo detectado: recreando tablas y datos
2025-04-01 15:50:35,720 - db - DEBUG - Creando tablas en la base de datos...
2025-04-01 15:50:35,741 - db - INFO - Tablas creadas exitosamente
2025-04-01 15:50:35,755 - db - INFO - Base de datos ya inicializada: 15 usuarios, 25 películas
2025-04-01 15:50:35,756 - movies_app - INFO - Base de datos reinicializada correctamente para desarrollo
2025-04-01 15:54:11,283 - movies_app - INFO - Aplicación terminando...
2025-04-01 16:32:32,501 - db - INFO - Logger 'db' configurado - Perfil: dev
2025-04-01 16:32:32,552 - jwt_auth - INFO - Logger 'jwt_auth' configurado - Perfil: dev
2025-04-01 16:32:32,557 - user_controller - INFO - Logger 'user_controller' configurado - Perfil: dev
2025-04-01 16:32:32,569 - movie_controller - INFO - Logger 'movie_controller' configurado - Perfil: dev
2025-04-01 16:32:32,675 - sentiment_analysis - INFO - Logger 'sentiment_analysis' configurado - Perfil: dev
2025-04-01 16:32:32,676 - comment_controller - INFO - Logger 'comment_controller' configurado - Perfil: dev
2025-04-01 16:32:32,681 - auth_controller - INFO - Logger 'auth_controller' configurado - Perfil: dev
2025-04-01 16:32:32,684 - movies_app - INFO - Logger 'movies_app' configurado - Perfil: dev
2025-04-01 16:32:33,481 - db - INFO - Logger 'db' configurado - Perfil: dev
2025-04-01 16:32:33,512 - jwt_auth - INFO - Logger 'jwt_auth' configurado - Perfil: dev
2025-04-01 16:32:33,514 - user_controller - INFO - Logger 'user_controller' configurado - Perfil: dev
2025-04-01 16:32:33,521 - movie_controller - INFO - Logger 'movie_controller' configurado - Perfil: dev
2025-04-01 16:32:33,600 - sentiment_analysis - INFO - Logger 'sentiment_analysis' configurado - Perfil: dev
2025-04-01 16:32:33,601 - comment_controller - INFO - Logger 'comment_controller' configurado - Perfil: dev
2025-04-01 16:32:33,606 - auth_controller - INFO - Logger 'auth_controller' configurado - Perfil: dev
2025-04-01 16:32:33,609 - movies_app - INFO - Logger 'movies_app' configurado - Perfil: dev
2025-04-01 16:32:33,623 - movies_app - INFO - Inicializando la base de datos...
2025-04-01 16:32:33,623 - movies_app - WARNING - Perfil de desarrollo detectado: recreando tablas y datos
2025-04-01 16:32:33,624 - db - DEBUG - Creando tablas en la base de datos...
2025-04-01 16:32:33,637 - db - INFO - Tablas creadas exitosamente
2025-04-01 16:32:33,642 - db - INFO - Base de datos ya inicializada: 15 usuarios, 25 películas
2025-04-01 16:32:33,644 - movies_app - INFO - Base de datos reinicializada correctamente para desarrollo
2025-04-01 16:32:52,399 - user_controller - DEBUG - listando todos los usuarios
2025-04-01 16:32:52,413 - movies_app - INFO - Petición GET /users - Status: 200 - Tiempo: 0.015402s
2025-04-01 16:32:58,066 - movie_controller - DEBUG - Listando todas las películas
2025-04-01 16:32:58,071 - movies_app - INFO - Petición GET /movies - Status: 200 - Tiempo: 0.005886s
2025-04-01 16:33:02,568 - jwt_auth - WARNING - Token JWT inválido o expirado
2025-04-01 16:33:02,571 - movies_app - INFO - Petición POST /movies - Status: 403 - Tiempo: 0.003361s
2025-04-01 16:33:07,157 - auth_controller - DEBUG - Token data: {'sub': '2', 'username': 'Alice'}
2025-04-01 16:33:07,158 - jwt_auth - DEBUG - Token data creado por el usuario: Alice
2025-04-01 16:33:07,159 - auth_controller - DEBUG - Usuario 2 autenticado correctamente
2025-04-01 16:33:07,160 - movies_app - INFO - Petición POST /login - Status: 200 - Tiempo: 0.238268s
2025-04-01 16:33:10,280 - movie_controller - DEBUG - Creando nueva película: afri la pelicula
2025-04-01 16:33:10,293 - movies_app - INFO - Petición POST /movies - Status: 201 - Tiempo: 0.015953s
2025-04-01 16:33:14,189 - movies_app - INFO - Petición POST /movies/2/comments - Status: 422 - Tiempo: 0.002463s
2025-04-01 16:33:31,759 - movie_controller - DEBUG - Creando nueva película: afri la pelicula
2025-04-01 16:33:31,765 - movies_app - INFO - Petición POST /movies - Status: 201 - Tiempo: 0.00779s
2025-04-01 16:33:45,058 - movies_app - INFO - Petición POST /movies/2/comments - Status: 422 - Tiempo: 0.002129s
2025-04-01 16:37:35,782 - movies_app - INFO - Aplicación terminando...
4 no encontrada
2025-04-01 18:33:56,223 - user_controller - WARNING - Usuario con id 4 no encontrado
2025-04-01 16:37:36,768 - db - INFO - Logger 'db' configurado - Perfil: dev
2025-04-01 16:37:36,800 - jwt_auth - INFO - Logger 'jwt_auth' configurado - Perfil: dev
2025-04-01 16:37:36,803 - user_controller - INFO - Logger 'user_controller' configurado - Perfil: dev
2025-04-01 16:37:36,811 - movie_controller - INFO - Logger 'movie_controller' configurado - Perfil: dev
2025-04-01 16:37:36,894 - sentiment_analysis - INFO - Logger 'sentiment_analysis' configurado - Perfil: dev
2025-04-01 16:37:36,895 - comment_controller - INFO - Logger 'comment_controller' configurado - Perfil: dev
2025-04-01 16:37:36,899 - auth_controller - INFO - Logger 'auth_controller' configurado - Perfil: dev
2025-04-01 16:37:36,902 - movies_app - INFO - Logger 'movies_app' configurado - Perfil: dev
2025-04-01 16:37:36,915 - movies_app - INFO - Inicializando la base de datos...
2025-04-01 16:37:36,915 - movies_app - WARNING - Perfil de desarrollo detectado: recreando tablas y datos
2025-04-01 16:37:36,916 - db - DEBUG - Creando tablas en la base de datos...
2025-04-01 16:37:36,927 - db - INFO - Tablas creadas exitosamente
2025-04-01 16:37:36,932 - db - INFO - Base de datos ya inicializada: 15 usuarios, 27 películas
2025-04-01 16:37:36,933 - movies_app - INFO - Base de datos reinicializada correctamente para desarrollo
2025-04-01 16:37:53,550 - movies_app - INFO - Aplicación terminando...
2025-04-01 16:37:54,382 - db - INFO - Logger 'db' configurado - Perfil: dev
2025-04-01 16:37:54,416 - jwt_auth - INFO - Logger 'jwt_auth' configurado - Perfil: dev
2025-04-01 16:37:54,419 - user_controller - INFO - Logger 'user_controller' configurado - Perfil: dev
2025-04-01 16:37:54,427 - movie_controller - INFO - Logger 'movie_controller' configurado - Perfil: dev
2025-04-01 16:37:54,532 - sentiment_analysis - INFO - Logger 'sentiment_analysis' configurado - Perfil: dev
2025-04-01 16:37:54,534 - comment_controller - INFO - Logger 'comment_controller' configurado - Perfil: dev
2025-04-01 16:37:54,541 - auth_controller - INFO - Logger 'auth_controller' configurado - Perfil: dev
2025-04-01 16:37:54,546 - movies_app - INFO - Logger 'movies_app' configurado - Perfil: dev
2025-04-01 16:37:54,570 - movies_app - INFO - Inicializando la base de datos...
2025-04-01 16:37:54,571 - movies_app - WARNING - Perfil de desarrollo detectado: recreando tablas y datos
2025-04-01 16:37:54,571 - db - DEBUG - Creando tablas en la base de datos...
2025-04-01 16:37:54,584 - db - INFO - Tablas creadas exitosamente
2025-04-01 16:37:54,591 - db - INFO - Base de datos ya inicializada: 15 usuarios, 27 películas
2025-04-01 16:37:54,593 - movies_app - INFO - Base de datos reinicializada correctamente para desarrollo
2025-04-01 16:37:58,779 - movies_app - INFO - Petición POST /movies/2/comments - Status: 401 - Tiempo: 0.016037s
2025-04-01 16:38:05,004 - auth_controller - DEBUG - Token data: {'sub': '2', 'username': 'Alice'}
2025-04-01 16:38:05,004 - jwt_auth - DEBUG - Token data creado por el usuario: Alice
2025-04-01 16:38:05,005 - auth_controller - DEBUG - Usuario 2 autenticado correctamente
2025-04-01 16:38:05,007 - movies_app - INFO - Petición POST /login - Status: 200 - Tiempo: 0.250268s
2025-04-01 16:38:08,066 - movies_app - INFO - Petición POST /movies/2/comments - Status: 401 - Tiempo: 0.004898s
2025-04-01 16:38:18,029 - auth_controller - DEBUG - Token data: {'sub': '2', 'username': 'Alice'}
2025-04-01 16:38:18,029 - jwt_auth - DEBUG - Token data creado por el usuario: Alice
2025-04-01 16:38:18,030 - auth_controller - DEBUG - Usuario 2 autenticado correctamente
2025-04-01 16:38:18,032 - movies_app - INFO - Petición POST /login - Status: 200 - Tiempo: 0.248159s
2025-04-01 16:38:22,528 - movies_app - INFO - Petición POST /movies/2/comments - Status: 401 - Tiempo: 0.003976s
2025-04-01 16:38:28,527 - movies_app - INFO - Aplicación terminando...
2025-04-01 16:38:29,339 - db - INFO - Logger 'db' configurado - Perfil: dev
2025-04-01 16:38:29,394 - jwt_auth - INFO - Logger 'jwt_auth' configurado - Perfil: dev
2025-04-01 16:38:29,398 - user_controller - INFO - Logger 'user_controller' configurado - Perfil: dev
2025-04-01 16:38:29,412 - movie_controller - INFO - Logger 'movie_controller' configurado - Perfil: dev
2025-04-01 16:38:29,539 - sentiment_analysis - INFO - Logger 'sentiment_analysis' configurado - Perfil: dev
2025-04-01 16:38:29,541 - comment_controller - INFO - Logger 'comment_controller' configurado - Perfil: dev
2025-04-01 16:38:29,547 - auth_controller - INFO - Logger 'auth_controller' configurado - Perfil: dev
2025-04-01 16:38:29,551 - movies_app - INFO - Logger 'movies_app' configurado - Perfil: dev
2025-04-01 16:38:29,568 - movies_app - INFO - Inicializando la base de datos...
2025-04-01 16:38:29,568 - movies_app - WARNING - Perfil de desarrollo detectado: recreando tablas y datos
2025-04-01 16:38:29,569 - db - DEBUG - Creando tablas en la base de datos...
2025-04-01 16:38:29,584 - db - INFO - Tablas creadas exitosamente
2025-04-01 16:38:29,592 - db - INFO - Base de datos ya inicializada: 15 usuarios, 27 películas
2025-04-01 16:38:29,594 - movies_app - INFO - Base de datos reinicializada correctamente para desarrollo
2025-04-01 16:38:34,951 - movies_app - INFO - Aplicación terminando...
2025-04-01 16:38:35,806 - db - INFO - Logger 'db' configurado - Perfil: dev
2025-04-01 16:38:35,842 - jwt_auth - INFO - Logger 'jwt_auth' configurado - Perfil: dev
2025-04-01 16:38:35,844 - user_controller - INFO - Logger 'user_controller' configurado - Perfil: dev
2025-04-01 16:38:35,852 - movie_controller - INFO - Logger 'movie_controller' configurado - Perfil: dev
2025-04-01 16:38:35,937 - sentiment_analysis - INFO - Logger 'sentiment_analysis' configurado - Perfil: dev
2025-04-01 16:38:35,938 - comment_controller - INFO - Logger 'comment_controller' configurado - Perfil: dev
2025-04-01 16:38:35,942 - auth_controller - INFO - Logger 'auth_controller' configurado - Perfil: dev
2025-04-01 16:38:35,945 - movies_app - INFO - Logger 'movies_app' configurado - Perfil: dev
2025-04-01 16:38:35,958 - movies_app - INFO - Inicializando la base de datos...
2025-04-01 16:38:35,959 - movies_app - WARNING - Perfil de desarrollo detectado: recreando tablas y datos
2025-04-01 16:38:35,959 - db - DEBUG - Creando tablas en la base de datos...
2025-04-01 16:38:35,968 - db - INFO - Tablas creadas exitosamente
2025-04-01 16:38:35,973 - db - INFO - Base de datos ya inicializada: 15 usuarios, 27 películas
2025-04-01 16:38:35,974 - movies_app - INFO - Base de datos reinicializada correctamente para desarrollo
2025-04-01 16:38:52,023 - comment_controller - DEBUG - Usuario Bob añadiendo comentario a película The Matrix
2025-04-01 16:38:52,023 - sentiment_analysis - DEBUG - Se manda al modelo: 'Mi opinión sobre esta película: Estuvo genial la peli'
2025-04-01 16:38:52,024 - sentiment_analysis - DEBUG - Sending request to: http://host.docker.internal:8001/predict
2025-04-01 16:38:52,511 - movies_app - INFO - Petición POST /movies/2/comments - Status: 201 - Tiempo: 0.504097s
2025-04-01 16:38:58,218 - auth_controller - DEBUG - Token data: {'sub': '2', 'username': 'Alice'}
2025-04-01 16:38:58,218 - jwt_auth - DEBUG - Token data creado por el usuario: Alice
2025-04-01 16:38:58,219 - auth_controller - DEBUG - Usuario 2 autenticado correctamente
2025-04-01 16:38:58,222 - movies_app - INFO - Petición POST /login - Status: 200 - Tiempo: 0.250965s
2025-04-01 16:39:02,219 - comment_controller - DEBUG - Usuario Bob añadiendo comentario a película The Matrix
2025-04-01 16:39:02,220 - sentiment_analysis - DEBUG - Se manda al modelo: 'Mi opinión sobre esta película: Estuvo genial la peli'
2025-04-01 16:39:02,220 - sentiment_analysis - DEBUG - Sending request to: http://host.docker.internal:8001/predict
2025-04-01 16:39:02,332 - movies_app - INFO - Petición POST /movies/2/comments - Status: 201 - Tiempo: 0.116778s
2025-04-01 16:41:14,267 - movies_app - INFO - Aplicación terminando...
2025-04-01 18:43:50,544 - movie_controller - WARNING - Película con id 4 no encontrada
2025-04-01 18:43:50,645 - user_controller - WARNING - Usuario con id 4 no encontrado
2025-04-02 13:14:23,464 - db - INFO - Logger 'db' configurado - Perfil: dev
2025-04-02 13:15:46,975 - db - INFO - Logger 'db' configurado - Perfil: dev
2025-04-02 13:15:47,050 - jwt_auth - INFO - Logger 'jwt_auth' configurado - Perfil: dev
2025-04-02 13:15:47,061 - user_controller - INFO - Logger 'user_controller' configurado - Perfil: dev
2025-04-02 13:15:47,078 - movie_controller - INFO - Logger 'movie_controller' configurado - Perfil: dev
2025-04-02 13:15:47,256 - sentiment_analysis - INFO - Logger 'sentiment_analysis' configurado - Perfil: dev
2025-04-02 13:15:47,257 - comment_controller - INFO - Logger 'comment_controller' configurado - Perfil: dev
2025-04-02 13:15:47,266 - auth_controller - INFO - Logger 'auth_controller' configurado - Perfil: dev
2025-04-02 13:15:47,270 - movies_app - INFO - Logger 'movies_app' configurado - Perfil: dev
2025-04-02 13:15:48,481 - db - INFO - Logger 'db' configurado - Perfil: dev
2025-04-02 13:15:48,525 - jwt_auth - INFO - Logger 'jwt_auth' configurado - Perfil: dev
2025-04-02 13:15:48,528 - user_controller - INFO - Logger 'user_controller' configurado - Perfil: dev
2025-04-02 13:15:48,538 - movie_controller - INFO - Logger 'movie_controller' configurado - Perfil: dev
2025-04-02 13:15:48,653 - sentiment_analysis - INFO - Logger 'sentiment_analysis' configurado - Perfil: dev
2025-04-02 13:15:48,655 - comment_controller - INFO - Logger 'comment_controller' configurado - Perfil: dev
2025-04-02 13:15:48,661 - auth_controller - INFO - Logger 'auth_controller' configurado - Perfil: dev
2025-04-02 13:15:48,665 - movies_app - INFO - Logger 'movies_app' configurado - Perfil: dev
2025-04-02 13:15:48,682 - movies_app - INFO - Inicializando la base de datos...
2025-04-02 13:15:48,683 - movies_app - WARNING - Perfil de desarrollo detectado: recreando tablas y datos
2025-04-02 13:15:48,684 - db - DEBUG - Creando tablas en la base de datos...
2025-04-02 13:15:48,709 - db - INFO - Tablas creadas exitosamente
2025-04-02 13:15:48,720 - db - INFO - Base de datos ya inicializada: 15 usuarios, 27 películas
2025-04-02 13:15:48,722 - movies_app - INFO - Base de datos reinicializada correctamente para desarrollo
2025-04-02 13:18:09,731 - user_controller - DEBUG - listando todos los usuarios
2025-04-02 13:18:09,753 - movies_app - INFO - Petición GET /users - Status: 200 - Tiempo: 0.025477s
2025-04-02 13:18:41,776 - movie_controller - DEBUG - Consultando película con id: 299
2025-04-02 13:18:41,784 - movie_controller - WARNING - Película con id 299 no encontrada
2025-04-02 13:18:41,786 - movies_app - INFO - Petición GET /movies/299 - Status: 404 - Tiempo: 0.010587s
2025-04-02 13:18:49,307 - jwt_auth - WARNING - Token JWT inválido o expirado
2025-04-02 13:18:49,309 - movies_app - INFO - Petición POST /movies/2/comments - Status: 403 - Tiempo: 0.004772s
2025-04-02 13:19:14,871 - auth_controller - DEBUG - Token data: {'sub': '2', 'username': 'Alice'}
2025-04-02 13:19:14,871 - jwt_auth - DEBUG - Token data creado por el usuario: Alice
2025-04-02 13:19:14,898 - auth_controller - DEBUG - Usuario 2 autenticado correctamente
2025-04-02 13:19:14,900 - movies_app - INFO - Petición POST /login - Status: 200 - Tiempo: 0.265208s
2025-04-02 13:19:20,818 - comment_controller - DEBUG - Usuario Bob añadiendo comentario a película The Matrix
2025-04-02 13:19:20,818 - sentiment_analysis - DEBUG - Se manda al modelo: 'Mi opinión sobre esta película: Estuvo genial la peli'
2025-04-02 13:19:20,819 - sentiment_analysis - DEBUG - Sending request to: http://host.docker.internal:8001/predict
2025-04-02 13:19:22,308 - movies_app - INFO - Petición POST /movies/2/comments - Status: 201 - Tiempo: 1.498673s
2025-04-02 13:19:33,235 - comment_controller - DEBUG - Usuario Eva añadiendo comentario a película The Matrix
2025-04-02 13:19:33,236 - sentiment_analysis - DEBUG - Se manda al modelo: 'Mi opinión sobre esta película: Estuvo genial la peli'
2025-04-02 13:19:33,236 - sentiment_analysis - DEBUG - Sending request to: http://host.docker.internal:8001/predict
2025-04-02 13:19:33,366 - movies_app - INFO - Petición POST /movies/2/comments - Status: 201 - Tiempo: 0.136477s
2025-04-02 13:30:00,284 - movies_app - INFO - Aplicación terminando...
2025-04-02 13:30:01,030 - db - INFO - Logger 'db' configurado - Perfil: dev
2025-04-02 13:30:01,064 - jwt_auth - INFO - Logger 'jwt_auth' configurado - Perfil: dev
2025-04-02 13:30:01,067 - user_controller - INFO - Logger 'user_controller' configurado - Perfil: dev
2025-04-02 13:30:01,075 - movie_controller - INFO - Logger 'movie_controller' configurado - Perfil: dev
2025-04-02 13:30:01,163 - sentiment_analysis - INFO - Logger 'sentiment_analysis' configurado - Perfil: dev
2025-04-02 13:30:01,164 - comment_controller - INFO - Logger 'comment_controller' configurado - Perfil: dev
2025-04-02 13:30:01,172 - auth_controller - INFO - Logger 'auth_controller' configurado - Perfil: dev
2025-04-02 13:30:01,176 - movies_app - INFO - Logger 'movies_app' configurado - Perfil: dev
2025-04-02 13:30:01,194 - movies_app - INFO - Inicializando la base de datos...
2025-04-02 13:30:01,194 - movies_app - WARNING - Perfil de desarrollo detectado: recreando tablas y datos
2025-04-02 13:30:01,195 - db - DEBUG - Creando tablas en la base de datos...
2025-04-02 13:30:01,211 - db - INFO - Tablas creadas exitosamente
2025-04-02 13:30:01,216 - db - INFO - Base de datos ya inicializada: 15 usuarios, 27 películas
2025-04-02 13:30:01,217 - movies_app - INFO - Base de datos reinicializada correctamente para desarrollo
2025-04-02 13:30:11,320 - movies_app - INFO - Aplicación terminando...
2025-04-02 13:30:12,133 - db - INFO - Logger 'db' configurado - Perfil: dev
2025-04-02 13:30:12,169 - jwt_auth - INFO - Logger 'jwt_auth' configurado - Perfil: dev
2025-04-02 13:30:12,171 - user_controller - INFO - Logger 'user_controller' configurado - Perfil: dev
2025-04-02 13:30:12,181 - movie_controller - INFO - Logger 'movie_controller' configurado - Perfil: dev
2025-04-02 13:30:12,286 - sentiment_analysis - INFO - Logger 'sentiment_analysis' configurado - Perfil: dev
2025-04-02 13:30:12,287 - comment_controller - INFO - Logger 'comment_controller' configurado - Perfil: dev
2025-04-02 13:30:12,293 - auth_controller - INFO - Logger 'auth_controller' configurado - Perfil: dev
2025-04-02 13:30:12,296 - movies_app - INFO - Logger 'movies_app' configurado - Perfil: dev
2025-04-02 13:30:12,312 - movies_app - INFO - Inicializando la base de datos...
2025-04-02 13:30:12,312 - movies_app - WARNING - Perfil de desarrollo detectado: recreando tablas y datos
2025-04-02 13:30:12,313 - db - DEBUG - Creando tablas en la base de datos...
2025-04-02 13:30:12,323 - db - INFO - Tablas creadas exitosamente
2025-04-02 13:30:12,329 - db - INFO - Base de datos ya inicializada: 15 usuarios, 27 películas
2025-04-02 13:30:12,330 - movies_app - INFO - Base de datos reinicializada correctamente para desarrollo
2025-04-02 13:30:20,476 - movie_controller - DEBUG - Consultando película con id: 299
2025-04-02 13:30:20,490 - movie_controller - WARNING - Película con id 299 no encontrada
2025-04-02 13:30:23,726 - movie_controller - DEBUG - Consultando película con id: 12
2025-04-02 13:30:29,972 - comment_controller - DEBUG - Usuario Eva añadiendo comentario a película The Matrix
2025-04-02 13:30:29,973 - sentiment_analysis - DEBUG - Se manda al modelo: 'Mi opinión sobre esta película: Estuvo genial la peli'
2025-04-02 13:30:29,973 - sentiment_analysis - DEBUG - Sending request to: http://host.docker.internal:8001/predict
2025-04-02 13:30:39,583 - comment_controller - DEBUG - Usuario Eva añadiendo comentario a película The Matrix
2025-04-02 13:30:39,584 - sentiment_analysis - DEBUG - Se manda al modelo: 'Mi opinión sobre esta película: ASJDKAJSKDASD'
2025-04-02 13:30:39,585 - sentiment_analysis - DEBUG - Sending request to: http://host.docker.internal:8001/predict
2025-04-02 13:30:58,253 - comment_controller - DEBUG - Usuario Eva añadiendo comentario a película The Matrix
2025-04-02 13:30:58,254 - sentiment_analysis - DEBUG - Se manda al modelo: 'Mi opinión sobre esta película: no estuvo mal'
2025-04-02 13:30:58,254 - sentiment_analysis - DEBUG - Sending request to: http://host.docker.internal:8001/predict
2025-04-02 13:32:22,142 - movies_app - INFO - Aplicación terminando...
2025-04-02 15:08:38,585 - db - INFO - Logger 'db' configurado - Perfil: dev
2025-04-02 15:08:38,658 - user_controller - INFO - Logger 'user_controller' configurado - Perfil: dev
2025-04-02 15:11:06,026 - db - INFO - Logger 'db' configurado - Perfil: dev
2025-04-02 15:11:06,088 - user_controller - INFO - Logger 'user_controller' configurado - Perfil: dev
2025-04-02 15:11:06,118 - jwt_auth - INFO - Logger 'jwt_auth' configurado - Perfil: dev
2025-04-02 15:11:06,124 - movie_controller - INFO - Logger 'movie_controller' configurado - Perfil: dev
2025-04-02 15:11:06,285 - sentiment_analysis - INFO - Logger 'sentiment_analysis' configurado - Perfil: dev
2025-04-02 15:11:06,286 - comment_controller - INFO - Logger 'comment_controller' configurado - Perfil: dev
2025-04-02 15:11:06,298 - auth_controller - INFO - Logger 'auth_controller' configurado - Perfil: dev
2025-04-02 15:12:13,654 - db - INFO - Logger 'db' configurado - Perfil: dev
2025-04-02 15:12:13,713 - user_controller - INFO - Logger 'user_controller' configurado - Perfil: dev
2025-04-02 15:12:13,735 - jwt_auth - INFO - Logger 'jwt_auth' configurado - Perfil: dev
2025-04-02 15:12:13,740 - movie_controller - INFO - Logger 'movie_controller' configurado - Perfil: dev
2025-04-02 15:12:13,872 - sentiment_analysis - INFO - Logger 'sentiment_analysis' configurado - Perfil: dev
2025-04-02 15:12:13,873 - comment_controller - INFO - Logger 'comment_controller' configurado - Perfil: dev
2025-04-02 15:12:13,878 - auth_controller - INFO - Logger 'auth_controller' configurado - Perfil: dev
2025-04-02 15:22:38,886 - db - INFO - Logger 'db' configurado - Perfil: dev
2025-04-02 15:22:38,950 - user_controller - INFO - Logger 'user_controller' configurado - Perfil: dev
2025-04-02 15:22:38,983 - jwt_auth - INFO - Logger 'jwt_auth' configurado - Perfil: dev
2025-04-02 15:22:38,989 - movie_controller - INFO - Logger 'movie_controller' configurado - Perfil: dev
2025-04-02 15:22:39,121 - sentiment_analysis - INFO - Logger 'sentiment_analysis' configurado - Perfil: dev
2025-04-02 15:22:39,122 - comment_controller - INFO - Logger 'comment_controller' configurado - Perfil: dev
2025-04-02 15:22:39,132 - auth_controller - INFO - Logger 'auth_controller' configurado - Perfil: dev
2025-04-02 17:39:38,211 - db - INFO - Logger 'db' configurado - Perfil: dev
2025-04-02 17:39:38,285 - user_controller - INFO - Logger 'user_controller' configurado - Perfil: dev
2025-04-02 17:39:38,316 - jwt_auth - INFO - Logger 'jwt_auth' configurado - Perfil: dev
2025-04-02 17:39:38,322 - movie_controller - INFO - Logger 'movie_controller' configurado - Perfil: dev
2025-04-02 17:39:38,470 - sentiment_analysis - INFO - Logger 'sentiment_analysis' configurado - Perfil: dev
2025-04-02 17:39:38,471 - comment_controller - INFO - Logger 'comment_controller' configurado - Perfil: dev
2025-04-02 17:39:38,476 - auth_controller - INFO - Logger 'auth_controller' configurado - Perfil: dev
2025-04-02 17:39:38,516 - movies_app - INFO - Logger 'movies_app' configurado - Perfil: dev
2025-04-02 17:39:39,957 - db - INFO - Logger 'db' configurado - Perfil: dev
2025-04-02 17:39:39,994 - user_controller - INFO - Logger 'user_controller' configurado - Perfil: dev
2025-04-02 17:39:40,011 - jwt_auth - INFO - Logger 'jwt_auth' configurado - Perfil: dev
2025-04-02 17:39:40,015 - movie_controller - INFO - Logger 'movie_controller' configurado - Perfil: dev
2025-04-02 17:39:40,132 - sentiment_analysis - INFO - Logger 'sentiment_analysis' configurado - Perfil: dev
2025-04-02 17:39:40,133 - comment_controller - INFO - Logger 'comment_controller' configurado - Perfil: dev
2025-04-02 17:39:40,138 - auth_controller - INFO - Logger 'auth_controller' configurado - Perfil: dev
2025-04-02 17:39:40,161 - movies_app - INFO - Logger 'movies_app' configurado - Perfil: dev
2025-04-02 17:39:40,181 - movies_app - INFO - Inicializando la base de datos...
2025-04-02 17:39:40,182 - movies_app - WARNING - Perfil de desarrollo detectado: recreando tablas y datos
2025-04-02 17:39:40,182 - db - DEBUG - Creando tablas en la base de datos...
2025-04-02 17:39:40,210 - db - INFO - Tablas creadas exitosamente
2025-04-02 17:39:40,225 - db - INFO - Base de datos ya inicializada: 15 usuarios, 27 películas
2025-04-02 17:39:40,226 - movies_app - INFO - Base de datos reinicializada correctamente para desarrollo
2025-04-02 17:40:05,066 - movies_app - INFO - Aplicación terminando...
2025-04-02 17:40:06,468 - db - INFO - Logger 'db' configurado - Perfil: dev
2025-04-02 17:40:06,507 - user_controller - INFO - Logger 'user_controller' configurado - Perfil: dev
2025-04-02 17:40:06,524 - jwt_auth - INFO - Logger 'jwt_auth' configurado - Perfil: dev
2025-04-02 17:40:06,528 - movie_controller - INFO - Logger 'movie_controller' configurado - Perfil: dev
2025-04-02 17:40:06,648 - sentiment_analysis - INFO - Logger 'sentiment_analysis' configurado - Perfil: dev
2025-04-02 17:40:06,649 - comment_controller - INFO - Logger 'comment_controller' configurado - Perfil: dev
2025-04-02 17:40:06,654 - auth_controller - INFO - Logger 'auth_controller' configurado - Perfil: dev
2025-04-02 17:40:06,684 - movies_app - INFO - Logger 'movies_app' configurado - Perfil: dev
2025-04-02 17:40:06,706 - movies_app - INFO - Inicializando la base de datos...
2025-04-02 17:40:06,707 - movies_app - WARNING - Perfil de desarrollo detectado: recreando tablas y datos
2025-04-02 17:40:06,708 - db - DEBUG - Creando tablas en la base de datos...
2025-04-02 17:40:06,727 - db - INFO - Tablas creadas exitosamente
2025-04-02 17:40:06,733 - db - INFO - Base de datos ya inicializada: 15 usuarios, 27 películas
2025-04-02 17:40:06,735 - movies_app - INFO - Base de datos reinicializada correctamente para desarrollo
2025-04-02 17:40:08,075 - movies_app - INFO - Aplicación terminando...
2025-04-02 17:40:09,301 - db - INFO - Logger 'db' configurado - Perfil: dev
2025-04-02 17:40:09,339 - user_controller - INFO - Logger 'user_controller' configurado - Perfil: dev
2025-04-02 17:40:09,356 - jwt_auth - INFO - Logger 'jwt_auth' configurado - Perfil: dev
2025-04-02 17:40:09,360 - movie_controller - INFO - Logger 'movie_controller' configurado - Perfil: dev
2025-04-02 17:40:09,473 - sentiment_analysis - INFO - Logger 'sentiment_analysis' configurado - Perfil: dev
2025-04-02 17:40:09,475 - comment_controller - INFO - Logger 'comment_controller' configurado - Perfil: dev
2025-04-02 17:40:09,479 - auth_controller - INFO - Logger 'auth_controller' configurado - Perfil: dev
2025-04-02 17:40:09,512 - movies_app - INFO - Logger 'movies_app' configurado - Perfil: dev
2025-04-02 17:40:09,531 - movies_app - INFO - Inicializando la base de datos...
2025-04-02 17:40:09,531 - movies_app - WARNING - Perfil de desarrollo detectado: recreando tablas y datos
2025-04-02 17:40:09,532 - db - DEBUG - Creando tablas en la base de datos...
2025-04-02 17:40:09,546 - db - INFO - Tablas creadas exitosamente
2025-04-02 17:40:09,553 - db - INFO - Base de datos ya inicializada: 15 usuarios, 27 películas
2025-04-02 17:40:09,555 - movies_app - INFO - Base de datos reinicializada correctamente para desarrollo
2025-04-02 17:40:24,153 - user_controller - DEBUG - Listando todos los usuarios
2025-04-02 17:40:27,501 - user_controller - DEBUG - Intentando crear usuario: Afriii
2025-04-02 17:40:27,864 - user_controller - DEBUG - Usuario creado correctamente: Afriii (ID: 16)
2025-04-02 17:42:23,593 - movies_app - INFO - Aplicación terminando...
2025-04-02 17:42:24,798 - db - INFO - Logger 'db' configurado - Perfil: dev
2025-04-02 17:42:24,835 - user_controller - INFO - Logger 'user_controller' configurado - Perfil: dev
2025-04-02 17:42:24,852 - jwt_auth - INFO - Logger 'jwt_auth' configurado - Perfil: dev
2025-04-02 17:42:24,856 - movie_controller - INFO - Logger 'movie_controller' configurado - Perfil: dev
2025-04-02 17:42:24,980 - sentiment_analysis - INFO - Logger 'sentiment_analysis' configurado - Perfil: dev
2025-04-02 17:42:24,982 - comment_controller - INFO - Logger 'comment_controller' configurado - Perfil: dev
2025-04-02 17:42:24,987 - auth_controller - INFO - Logger 'auth_controller' configurado - Perfil: dev
2025-04-02 17:42:25,015 - movies_app - INFO - Logger 'movies_app' configurado - Perfil: dev
2025-04-02 17:42:25,036 - movies_app - INFO - Inicializando la base de datos...
2025-04-02 17:42:25,036 - movies_app - WARNING - Perfil de desarrollo detectado: recreando tablas y datos
2025-04-02 17:42:25,037 - db - DEBUG - Creando tablas en la base de datos...
2025-04-02 17:42:25,052 - db - INFO - Tablas creadas exitosamente
2025-04-02 17:42:25,059 - db - INFO - Base de datos ya inicializada: 16 usuarios, 27 películas
2025-04-02 17:42:25,060 - movies_app - INFO - Base de datos reinicializada correctamente para desarrollo
2025-04-02 17:42:34,365 - movies_app - INFO - Aplicación terminando...
2025-04-02 17:42:35,526 - db - INFO - Logger 'db' configurado - Perfil: dev
2025-04-02 17:42:35,570 - user_controller - INFO - Logger 'user_controller' configurado - Perfil: dev
2025-04-02 17:42:35,589 - jwt_auth - INFO - Logger 'jwt_auth' configurado - Perfil: dev
2025-04-02 17:42:35,593 - movie_controller - INFO - Logger 'movie_controller' configurado - Perfil: dev
2025-04-02 17:42:35,726 - sentiment_analysis - INFO - Logger 'sentiment_analysis' configurado - Perfil: dev
2025-04-02 17:42:35,728 - comment_controller - INFO - Logger 'comment_controller' configurado - Perfil: dev
2025-04-02 17:42:35,734 - auth_controller - INFO - Logger 'auth_controller' configurado - Perfil: dev
2025-04-02 17:42:35,768 - movies_app - INFO - Logger 'movies_app' configurado - Perfil: dev
2025-04-02 17:42:35,795 - movies_app - INFO - Inicializando la base de datos...
2025-04-02 17:42:35,795 - movies_app - WARNING - Perfil de desarrollo detectado: recreando tablas y datos
2025-04-02 17:42:35,796 - db - DEBUG - Creando tablas en la base de datos...
2025-04-02 17:42:35,812 - db - INFO - Tablas creadas exitosamente
2025-04-02 17:42:35,820 - db - INFO - Base de datos ya inicializada: 16 usuarios, 27 películas
2025-04-02 17:42:35,822 - movies_app - INFO - Base de datos reinicializada correctamente para desarrollo
2025-04-02 17:42:42,497 - auth_controller - DEBUG - Token data: {'sub': '2', 'username': 'Alice'}
2025-04-02 17:42:42,498 - jwt_auth - DEBUG - Token data creado por el usuario: Alice
2025-04-02 17:42:42,501 - auth_controller - DEBUG - Usuario 2 autenticado correctamente
2025-04-02 17:42:47,188 - comment_controller - DEBUG - Usuario Eva añadiendo comentario a película The Matrix
2025-04-02 17:42:47,188 - sentiment_analysis - DEBUG - Se manda al modelo: 'Mi opinión sobre esta película: no estuvo mal'
2025-04-02 17:42:47,189 - sentiment_analysis - DEBUG - Sending request to: http://host.docker.internal:8001/predict
2025-04-02 17:44:46,090 - movies_app - INFO - Aplicación terminando...
2025-04-02 17:48:09,292 - db - INFO - Logger 'db' configurado - Perfil: dev
2025-04-02 17:48:09,348 - user_controller - INFO - Logger 'user_controller' configurado - Perfil: dev
2025-04-02 17:48:09,384 - jwt_auth - INFO - Logger 'jwt_auth' configurado - Perfil: dev
2025-04-02 17:48:09,390 - movie_controller - INFO - Logger 'movie_controller' configurado - Perfil: dev
2025-04-02 17:48:09,525 - sentiment_analysis - INFO - Logger 'sentiment_analysis' configurado - Perfil: dev
2025-04-02 17:48:09,526 - comment_controller - INFO - Logger 'comment_controller' configurado - Perfil: dev
2025-04-02 17:48:09,540 - auth_controller - INFO - Logger 'auth_controller' configurado - Perfil: dev
2025-04-02 17:48:09,585 - movies_app - INFO - Logger 'movies_app' configurado - Perfil: dev
2025-04-02 17:48:11,250 - db - INFO - Logger 'db' configurado - Perfil: dev
2025-04-02 17:48:11,299 - user_controller - INFO - Logger 'user_controller' configurado - Perfil: dev
2025-04-02 17:48:11,325 - jwt_auth - INFO - Logger 'jwt_auth' configurado - Perfil: dev
2025-04-02 17:48:11,328 - movie_controller - INFO - Logger 'movie_controller' configurado - Perfil: dev
2025-04-02 17:48:11,473 - sentiment_analysis - INFO - Logger 'sentiment_analysis' configurado - Perfil: dev
2025-04-02 17:48:11,474 - comment_controller - INFO - Logger 'comment_controller' configurado - Perfil: dev
2025-04-02 17:48:11,479 - auth_controller - INFO - Logger 'auth_controller' configurado - Perfil: dev
2025-04-02 17:48:11,506 - movies_app - INFO - Logger 'movies_app' configurado - Perfil: dev
2025-04-02 17:48:11,533 - movies_app - INFO - Inicializando la base de datos...
2025-04-02 17:48:11,534 - movies_app - WARNING - Perfil de desarrollo detectado: recreando tablas y datos
2025-04-02 17:48:11,535 - db - DEBUG - Creando tablas en la base de datos...
2025-04-02 17:48:11,553 - db - INFO - Tablas creadas exitosamente
2025-04-02 17:48:11,561 - db - INFO - Base de datos ya inicializada: 16 usuarios, 27 películas
2025-04-02 17:48:11,563 - movies_app - INFO - Base de datos reinicializada correctamente para desarrollo
2025-04-02 17:49:33,021 - movies_app - INFO - Aplicación terminando...
2025-04-02 19:50:13,010 - movie_controller - WARNING - Película con id 4 no encontrada
2025-04-02 19:50:13,142 - user_controller - WARNING - Usuario con id 4 no encontrado
2025-04-02 17:50:45,414 - db - INFO - Logger 'db' configurado - Perfil: dev
2025-04-02 17:50:45,515 - user_controller - INFO - Logger 'user_controller' configurado - Perfil: dev
2025-04-02 17:50:45,563 - jwt_auth - INFO - Logger 'jwt_auth' configurado - Perfil: dev
2025-04-02 17:50:45,574 - movie_controller - INFO - Logger 'movie_controller' configurado - Perfil: dev
2025-04-02 17:50:45,774 - sentiment_analysis - INFO - Logger 'sentiment_analysis' configurado - Perfil: dev
2025-04-02 17:50:45,775 - comment_controller - INFO - Logger 'comment_controller' configurado - Perfil: dev
2025-04-02 17:50:45,783 - auth_controller - INFO - Logger 'auth_controller' configurado - Perfil: dev
2025-04-02 17:50:45,822 - movies_app - INFO - Logger 'movies_app' configurado - Perfil: dev
2025-04-02 17:50:47,385 - db - INFO - Logger 'db' configurado - Perfil: dev
2025-04-02 17:50:47,432 - user_controller - INFO - Logger 'user_controller' configurado - Perfil: dev
2025-04-02 17:50:47,455 - jwt_auth - INFO - Logger 'jwt_auth' configurado - Perfil: dev
2025-04-02 17:50:47,461 - movie_controller - INFO - Logger 'movie_controller' configurado - Perfil: dev
2025-04-02 17:50:47,581 - sentiment_analysis - INFO - Logger 'sentiment_analysis' configurado - Perfil: dev
2025-04-02 17:50:47,582 - comment_controller - INFO - Logger 'comment_controller' configurado - Perfil: dev
2025-04-02 17:50:47,586 - auth_controller - INFO - Logger 'auth_controller' configurado - Perfil: dev
2025-04-02 17:50:47,612 - movies_app - INFO - Logger 'movies_app' configurado - Perfil: dev
2025-04-02 17:50:47,632 - movies_app - INFO - Inicializando la base de datos...
2025-04-02 17:50:47,633 - movies_app - WARNING - Perfil de desarrollo detectado: recreando tablas y datos
2025-04-02 17:50:47,634 - db - DEBUG - Creando tablas en la base de datos...
2025-04-02 17:50:47,649 - db - INFO - Tablas creadas exitosamente
2025-04-02 17:50:47,663 - db - INFO - Base de datos ya inicializada: 16 usuarios, 27 películas
2025-04-02 17:50:47,665 - movies_app - INFO - Base de datos reinicializada correctamente para desarrollo
2025-04-02 17:50:51,127 - movie_controller - DEBUG - Listando todas las películas
2025-04-02 17:50:52,756 - movie_controller - DEBUG - Listando todas las películas
2025-04-02 17:52:31,795 - movies_app - INFO - Aplicación terminando...
2025-04-02 17:52:33,145 - db - INFO - Logger 'db' configurado - Perfil: dev
2025-04-02 17:52:33,183 - user_controller - INFO - Logger 'user_controller' configurado - Perfil: dev
2025-04-02 17:52:33,210 - jwt_auth - INFO - Logger 'jwt_auth' configurado - Perfil: dev
2025-04-02 17:52:33,214 - movie_controller - INFO - Logger 'movie_controller' configurado - Perfil: dev
2025-04-02 17:52:33,332 - sentiment_analysis - INFO - Logger 'sentiment_analysis' configurado - Perfil: dev
2025-04-02 17:52:33,334 - comment_controller - INFO - Logger 'comment_controller' configurado - Perfil: dev
2025-04-02 17:52:33,339 - auth_controller - INFO - Logger 'auth_controller' configurado - Perfil: dev
2025-04-02 17:52:33,361 - movies_app - INFO - Logger 'movies_app' configurado - Perfil: dev
2025-04-02 17:52:33,379 - movies_app - INFO - Inicializando la base de datos...
2025-04-02 17:52:33,379 - movies_app - WARNING - Perfil de desarrollo detectado: recreando tablas y datos
2025-04-02 17:52:33,380 - db - DEBUG - Creando tablas en la base de datos...
2025-04-02 17:52:33,394 - db - INFO - Tablas creadas exitosamente
2025-04-02 17:52:33,401 - db - INFO - Base de datos ya inicializada: 16 usuarios, 27 películas
2025-04-02 17:52:33,403 - movies_app - INFO - Base de datos reinicializada correctamente para desarrollo
2025-04-02 17:52:44,669 - movies_app - INFO - Aplicación terminando...
2025-04-02 17:52:45,986 - db - INFO - Logger 'db' configurado - Perfil: dev
2025-04-02 17:52:46,031 - user_controller - INFO - Logger 'user_controller' configurado - Perfil: dev
2025-04-02 17:52:46,058 - jwt_auth - INFO - Logger 'jwt_auth' configurado - Perfil: dev
2025-04-02 17:52:46,062 - movie_controller - INFO - Logger 'movie_controller' configurado - Perfil: dev
2025-04-02 17:52:46,182 - sentiment_analysis - INFO - Logger 'sentiment_analysis' configurado - Perfil: dev
2025-04-02 17:52:46,184 - comment_controller - INFO - Logger 'comment_controller' configurado - Perfil: dev
2025-04-02 17:52:46,189 - auth_controller - INFO - Logger 'auth_controller' configurado - Perfil: dev
2025-04-02 17:52:46,212 - movies_app - INFO - Logger 'movies_app' configurado - Perfil: dev
2025-04-02 17:52:46,231 - movies_app - INFO - Inicializando la base de datos...
2025-04-02 17:52:46,232 - movies_app - WARNING - Perfil de desarrollo detectado: recreando tablas y datos
2025-04-02 17:52:46,233 - db - DEBUG - Creando tablas en la base de datos...
2025-04-02 17:52:46,248 - db - INFO - Tablas creadas exitosamente
2025-04-02 17:52:46,255 - db - INFO - Base de datos ya inicializada: 16 usuarios, 27 películas
2025-04-02 17:52:46,258 - movies_app - INFO - Base de datos reinicializada correctamente para desarrollo
2025-04-02 17:52:58,960 - movies_app - INFO - Aplicación terminando...
2025-04-02 17:53:00,285 - db - INFO - Logger 'db' configurado - Perfil: dev
2025-04-02 17:53:00,326 - user_controller - INFO - Logger 'user_controller' configurado - Perfil: dev
2025-04-02 17:53:00,352 - jwt_auth - INFO - Logger 'jwt_auth' configurado - Perfil: dev
2025-04-02 17:53:00,357 - movie_controller - INFO - Logger 'movie_controller' configurado - Perfil: dev
2025-04-02 17:53:00,591 - sentiment_analysis - INFO - Logger 'sentiment_analysis' configurado - Perfil: dev
2025-04-02 17:53:00,592 - comment_controller - INFO - Logger 'comment_controller' configurado - Perfil: dev
2025-04-02 17:53:00,599 - auth_controller - INFO - Logger 'auth_controller' configurado - Perfil: dev
2025-04-02 17:53:00,624 - movies_app - INFO - Logger 'movies_app' configurado - Perfil: dev
2025-04-02 17:53:00,644 - movies_app - INFO - Inicializando la base de datos...
2025-04-02 17:53:00,645 - movies_app - WARNING - Perfil de desarrollo detectado: recreando tablas y datos
2025-04-02 17:53:00,665 - db - DEBUG - Creando tablas en la base de datos...
2025-04-02 17:53:00,682 - db - INFO - Tablas creadas exitosamente
2025-04-02 17:53:00,695 - db - INFO - Base de datos ya inicializada: 16 usuarios, 27 películas
2025-04-02 17:53:00,710 - movies_app - INFO - Base de datos reinicializada correctamente para desarrollo
2025-04-02 17:53:02,855 - movies_app - INFO - Aplicación terminando...
2025-04-02 17:53:03,987 - db - INFO - Logger 'db' configurado - Perfil: dev
2025-04-02 17:53:04,028 - user_controller - INFO - Logger 'user_controller' configurado - Perfil: dev
2025-04-02 17:53:04,054 - jwt_auth - INFO - Logger 'jwt_auth' configurado - Perfil: dev
2025-04-02 17:53:04,059 - movie_controller - INFO - Logger 'movie_controller' configurado - Perfil: dev
2025-04-02 17:53:04,182 - sentiment_analysis - INFO - Logger 'sentiment_analysis' configurado - Perfil: dev
2025-04-02 17:53:04,183 - comment_controller - INFO - Logger 'comment_controller' configurado - Perfil: dev
2025-04-02 17:53:04,188 - auth_controller - INFO - Logger 'auth_controller' configurado - Perfil: dev
2025-04-02 17:53:04,214 - movies_app - INFO - Logger 'movies_app' configurado - Perfil: dev
2025-04-02 17:53:04,234 - movies_app - INFO - Inicializando la base de datos...
2025-04-02 17:53:04,234 - movies_app - WARNING - Perfil de desarrollo detectado: recreando tablas y datos
2025-04-02 17:53:04,235 - db - DEBUG - Creando tablas en la base de datos...
2025-04-02 17:53:04,250 - db - INFO - Tablas creadas exitosamente
2025-04-02 17:53:04,258 - db - INFO - Base de datos ya inicializada: 16 usuarios, 27 películas
2025-04-02 17:53:04,260 - movies_app - INFO - Base de datos reinicializada correctamente para desarrollo
2025-04-02 17:53:21,997 - movie_controller - DEBUG - Listando todas las películas
2025-04-02 17:53:43,705 - movie_controller - DEBUG - Consultando película con id: 12
2025-04-02 17:55:08,977 - movies_app - INFO - Aplicación terminando...
 no encontrado
2025-04-02 17:55:10,211 - db - INFO - Logger 'db' configurado - Perfil: dev
2025-04-02 17:55:10,253 - user_controller - INFO - Logger 'user_controller' configurado - Perfil: dev
2025-04-02 17:55:10,278 - jwt_auth - INFO - Logger 'jwt_auth' configurado - Perfil: dev
2025-04-02 17:55:10,282 - movie_controller - INFO - Logger 'movie_controller' configurado - Perfil: dev
2025-04-02 17:55:10,399 - sentiment_analysis - INFO - Logger 'sentiment_analysis' configurado - Perfil: dev
2025-04-02 17:55:10,400 - comment_controller - INFO - Logger 'comment_controller' configurado - Perfil: dev
2025-04-02 17:55:10,406 - auth_controller - INFO - Logger 'auth_controller' configurado - Perfil: dev
2025-04-02 17:55:10,429 - movies_app - INFO - Logger 'movies_app' configurado - Perfil: dev
2025-04-02 17:55:10,447 - movies_app - INFO - Inicializando la base de datos...
2025-04-02 17:55:10,448 - movies_app - WARNING - Perfil de desarrollo detectado: recreando tablas y datos
2025-04-02 17:55:10,449 - db - DEBUG - Creando tablas en la base de datos...
2025-04-02 17:55:10,465 - db - INFO - Tablas creadas exitosamente
2025-04-02 17:55:10,472 - db - INFO - Base de datos ya inicializada: 16 usuarios, 27 películas
2025-04-02 17:55:10,474 - movies_app - INFO - Base de datos reinicializada correctamente para desarrollo
2025-04-02 17:55:17,548 - movies_app - INFO - Aplicación terminando...
2025-04-02 17:55:18,668 - db - INFO - Logger 'db' configurado - Perfil: dev
2025-04-02 17:55:18,709 - user_controller - INFO - Logger 'user_controller' configurado - Perfil: dev
2025-04-02 17:55:18,732 - jwt_auth - INFO - Logger 'jwt_auth' configurado - Perfil: dev
2025-04-02 17:55:18,736 - movie_controller - INFO - Logger 'movie_controller' configurado - Perfil: dev
2025-04-02 17:55:18,849 - sentiment_analysis - INFO - Logger 'sentiment_analysis' configurado - Perfil: dev
2025-04-02 17:55:18,851 - comment_controller - INFO - Logger 'comment_controller' configurado - Perfil: dev
2025-04-02 17:55:18,855 - auth_controller - INFO - Logger 'auth_controller' configurado - Perfil: dev
2025-04-02 17:55:18,878 - movies_app - INFO - Logger 'movies_app' configurado - Perfil: dev
2025-04-02 17:55:18,897 - movies_app - INFO - Inicializando la base de datos...
2025-04-02 17:55:18,897 - movies_app - WARNING - Perfil de desarrollo detectado: recreando tablas y datos
2025-04-02 17:55:18,898 - db - DEBUG - Creando tablas en la base de datos...
2025-04-02 17:55:18,913 - db - INFO - Tablas creadas exitosamente
2025-04-02 17:55:18,922 - db - INFO - Base de datos ya inicializada: 16 usuarios, 27 películas
2025-04-02 17:55:18,924 - movies_app - INFO - Base de datos reinicializada correctamente para desarrollo
2025-04-02 17:55:27,518 - movies_app - INFO - Aplicación terminando...
2025-04-02 17:55:28,684 - db - INFO - Logger 'db' configurado - Perfil: dev
2025-04-02 17:55:28,728 - user_controller - INFO - Logger 'user_controller' configurado - Perfil: dev
2025-04-02 17:55:28,755 - jwt_auth - INFO - Logger 'jwt_auth' configurado - Perfil: dev
2025-04-02 17:55:28,760 - movie_controller - INFO - Logger 'movie_controller' configurado - Perfil: dev
2025-04-02 17:55:28,955 - sentiment_analysis - INFO - Logger 'sentiment_analysis' configurado - Perfil: dev
2025-04-02 17:55:28,956 - comment_controller - INFO - Logger 'comment_controller' configurado - Perfil: dev
2025-04-02 17:55:28,961 - auth_controller - INFO - Logger 'auth_controller' configurado - Perfil: dev
2025-04-02 17:55:28,986 - movies_app - INFO - Logger 'movies_app' configurado - Perfil: dev
2025-04-02 17:55:29,006 - movies_app - INFO - Inicializando la base de datos...
2025-04-02 17:55:29,007 - movies_app - WARNING - Perfil de desarrollo detectado: recreando tablas y datos
2025-04-02 17:55:29,008 - db - DEBUG - Creando tablas en la base de datos...
2025-04-02 17:55:29,022 - db - INFO - Tablas creadas exitosamente
2025-04-02 17:55:29,033 - db - INFO - Base de datos ya inicializada: 16 usuarios, 27 películas
2025-04-02 17:55:29,035 - movies_app - INFO - Base de datos reinicializada correctamente para desarrollo
2025-04-02 17:55:35,301 - movies_app - INFO - Aplicación terminando...
2025-04-02 17:55:36,501 - db - INFO - Logger 'db' configurado - Perfil: dev
2025-04-02 17:55:36,543 - user_controller - INFO - Logger 'user_controller' configurado - Perfil: dev
2025-04-02 17:55:36,570 - jwt_auth - INFO - Logger 'jwt_auth' configurado - Perfil: dev
2025-04-02 17:55:36,574 - movie_controller - INFO - Logger 'movie_controller' configurado - Perfil: dev
2025-04-02 17:55:36,689 - sentiment_analysis - INFO - Logger 'sentiment_analysis' configurado - Perfil: dev
2025-04-02 17:55:36,690 - comment_controller - INFO - Logger 'comment_controller' configurado - Perfil: dev
2025-04-02 17:55:36,695 - auth_controller - INFO - Logger 'auth_controller' configurado - Perfil: dev
2025-04-02 17:55:36,719 - movies_app - INFO - Logger 'movies_app' configurado - Perfil: dev
2025-04-02 17:55:36,737 - movies_app - INFO - Inicializando la base de datos...
2025-04-02 17:55:36,738 - movies_app - WARNING - Perfil de desarrollo detectado: recreando tablas y datos
2025-04-02 17:55:36,738 - db - DEBUG - Creando tablas en la base de datos...
2025-04-02 17:55:36,754 - db - INFO - Tablas creadas exitosamente
2025-04-02 17:55:36,762 - db - INFO - Base de datos ya inicializada: 16 usuarios, 27 películas
2025-04-02 17:55:36,764 - movies_app - INFO - Base de datos reinicializada correctamente para desarrollo
2025-04-02 17:55:53,997 - movie_controller - DEBUG - Consultando película con id: 12
2025-04-02 17:56:31,438 - movies_app - INFO - Aplicación terminando...
4 no encontrada
2025-04-02 19:55:59,062 - user_controller - WARNING - Usuario con id 4 no encontrado
2025-04-02 17:56:32,605 - db - INFO - Logger 'db' configurado - Perfil: dev
2025-04-02 17:56:32,647 - user_controller - INFO - Logger 'user_controller' configurado - Perfil: dev
2025-04-02 17:56:32,673 - jwt_auth - INFO - Logger 'jwt_auth' configurado - Perfil: dev
2025-04-02 17:56:32,678 - movie_controller - INFO - Logger 'movie_controller' configurado - Perfil: dev
2025-04-02 17:56:40,420 - db - INFO - Logger 'db' configurado - Perfil: dev
2025-04-02 17:56:40,459 - user_controller - INFO - Logger 'user_controller' configurado - Perfil: dev
2025-04-02 17:56:40,488 - jwt_auth - INFO - Logger 'jwt_auth' configurado - Perfil: dev
2025-04-02 17:56:40,493 - movie_controller - INFO - Logger 'movie_controller' configurado - Perfil: dev
2025-04-02 17:57:04,095 - db - INFO - Logger 'db' configurado - Perfil: dev
2025-04-02 17:57:04,135 - user_controller - INFO - Logger 'user_controller' configurado - Perfil: dev
2025-04-02 17:57:04,153 - jwt_auth - INFO - Logger 'jwt_auth' configurado - Perfil: dev
2025-04-02 17:57:04,156 - movie_controller - INFO - Logger 'movie_controller' configurado - Perfil: dev
2025-04-02 17:57:04,267 - sentiment_analysis - INFO - Logger 'sentiment_analysis' configurado - Perfil: dev
2025-04-02 17:57:04,268 - comment_controller - INFO - Logger 'comment_controller' configurado - Perfil: dev
2025-04-02 17:57:04,273 - auth_controller - INFO - Logger 'auth_controller' configurado - Perfil: dev
2025-04-02 17:57:04,296 - movies_app - INFO - Logger 'movies_app' configurado - Perfil: dev
2025-04-02 17:57:04,313 - movies_app - INFO - Inicializando la base de datos...
2025-04-02 17:57:04,314 - movies_app - WARNING - Perfil de desarrollo detectado: recreando tablas y datos
2025-04-02 17:57:04,315 - db - DEBUG - Creando tablas en la base de datos...
2025-04-02 17:57:04,329 - db - INFO - Tablas creadas exitosamente
2025-04-02 17:57:04,338 - db - INFO - Base de datos ya inicializada: 16 usuarios, 27 películas
2025-04-02 17:57:04,339 - movies_app - INFO - Base de datos reinicializada correctamente para desarrollo
2025-04-02 17:57:13,143 - movies_app - INFO - Aplicación terminando...
2025-04-02 17:57:14,344 - db - INFO - Logger 'db' configurado - Perfil: dev
2025-04-02 17:57:14,391 - user_controller - INFO - Logger 'user_controller' configurado - Perfil: dev
2025-04-02 17:57:14,407 - jwt_auth - INFO - Logger 'jwt_auth' configurado - Perfil: dev
2025-04-02 17:57:14,410 - movie_controller - INFO - Logger 'movie_controller' configurado - Perfil: dev
2025-04-02 17:57:14,519 - sentiment_analysis - INFO - Logger 'sentiment_analysis' configurado - Perfil: dev
2025-04-02 17:57:14,520 - comment_controller - INFO - Logger 'comment_controller' configurado - Perfil: dev
2025-04-02 17:57:14,525 - auth_controller - INFO - Logger 'auth_controller' configurado - Perfil: dev
2025-04-02 17:57:14,548 - movies_app - INFO - Logger 'movies_app' configurado - Perfil: dev
2025-04-02 17:57:14,566 - movies_app - INFO - Inicializando la base de datos...
2025-04-02 17:57:14,567 - movies_app - WARNING - Perfil de desarrollo detectado: recreando tablas y datos
2025-04-02 17:57:14,567 - db - DEBUG - Creando tablas en la base de datos...
2025-04-02 17:57:14,580 - db - INFO - Tablas creadas exitosamente
2025-04-02 17:57:14,587 - db - INFO - Base de datos ya inicializada: 16 usuarios, 27 películas
2025-04-02 17:57:14,589 - movies_app - INFO - Base de datos reinicializada correctamente para desarrollo
2025-04-02 17:57:15,708 - db - INFO - Logger 'db' configurado - Perfil: dev
2025-04-02 17:57:15,744 - user_controller - INFO - Logger 'user_controller' configurado - Perfil: dev
2025-04-02 17:57:15,760 - jwt_auth - INFO - Logger 'jwt_auth' configurado - Perfil: dev
2025-04-02 17:57:15,764 - movie_controller - INFO - Logger 'movie_controller' configurado - Perfil: dev
2025-04-02 17:57:15,873 - sentiment_analysis - INFO - Logger 'sentiment_analysis' configurado - Perfil: dev
2025-04-02 17:57:15,874 - comment_controller - INFO - Logger 'comment_controller' configurado - Perfil: dev
2025-04-02 17:57:15,879 - auth_controller - INFO - Logger 'auth_controller' configurado - Perfil: dev
2025-04-02 17:57:15,901 - movies_app - INFO - Logger 'movies_app' configurado - Perfil: dev
2025-04-02 17:57:15,919 - movies_app - INFO - Inicializando la base de datos...
2025-04-02 17:57:15,920 - movies_app - WARNING - Perfil de desarrollo detectado: recreando tablas y datos
2025-04-02 17:57:15,920 - db - DEBUG - Creando tablas en la base de datos...
2025-04-02 17:57:15,933 - db - INFO - Tablas creadas exitosamente
2025-04-02 17:57:15,940 - db - INFO - Base de datos ya inicializada: 16 usuarios, 27 películas
2025-04-02 17:57:15,941 - movies_app - INFO - Base de datos reinicializada correctamente para desarrollo
2025-04-02 17:58:02,763 - movie_controller - DEBUG - Listando todas las películas
2025-04-02 17:58:05,408 - movie_controller - DEBUG - Consultando película con id: 1000
2025-04-02 17:58:05,413 - movie_controller - WARNING - Película con id 1000 no encontrada
2025-04-02 17:58:07,897 - user_controller - DEBUG - Intentando crear usuario: Afriii
2025-04-02 17:58:07,902 - user_controller - WARNING - Intento de crear usuario con nombre ya existente: Afriii
2025-04-02 17:58:11,432 - user_controller - DEBUG - Listando todos los usuarios
2025-04-02 17:58:17,073 - auth_controller - DEBUG - Token data: {'sub': '2', 'username': 'Alice'}
2025-04-02 17:58:17,073 - jwt_auth - DEBUG - Token data creado por el usuario: Alice
2025-04-02 17:58:17,074 - auth_controller - DEBUG - Usuario 2 autenticado correctamente
2025-04-02 17:58:24,856 - movies_app - INFO - Aplicación terminando...
